
================================================================
======== txAdmin Starting - 11/05/2023, 17:29:31                
================================================================

================================================================
======== Log Rotated - 11/05/2023, 17:29:31                     
================================================================
[17:43:37][Peelthepeanut] logged in from 127.0.0.1 via password
[17:43:59][Peelthepeanut] executed "refresh"
[17:44:38][Peelthepeanut] executed "ensure "eerste-resource""
[17:44:46][Peelthepeanut] executed "ensure "eerste-resource""
[17:57:58][Peelthepeanut] logged in via in-game ui
[17:59:12][Peelthepeanut] executed "ensure "eerste-resource""
[18:00:44][Peelthepeanut] executed "ensure "eerste-resource""
[18:00:58][Peelthepeanut] executed "ensure "eerste-resource""
[18:01:38][Peelthepeanut] executed "ensure "eerste-resource""
[18:03:38][Peelthepeanut] executed "ensure "eerste-resource""
[18:03:42][Peelthepeanut] executed "refresh"
[18:03:46][Peelthepeanut] executed "ensure "eerste-resource""
[20:39:51][Peelthepeanut] logged in via in-game ui
[01:09:07][Peelthepeanut] logged in via in-game ui
[01:49:46][Peelthepeanut] logged in via in-game ui
