
================================================================
======== FXServer Starting - 07/05/2023, 21:55:19               
================================================================
[    c-scripting-core] Creating script environments for _cfx_internal
[           resources] Scanning resources.
[           resources] Found 108 resources.
[          svadhesive] Authenticating server license key...
[          svadhesive] Server license key authentication succeeded. Welcome!
[    c-scripting-core] Creating script environments for sessionmanager
[           resources] Started resource sessionmanager
[    c-scripting-core] Creating script environments for monitor
[      script:monitor] [txAdminClient] Version 5.2.0 starting...
[           resources] Started resource monitor
[    c-scripting-core] Creating script environments for mapmanager
[           resources] Started resource mapmanager
[    c-scripting-core] [0mCreating script environments for yarn
[           resources] Started resource yarn
[ citizen-server-impl] Running build tasks on resource webpack - it'll restart once completed.
[    c-resources-core] Could not start dependency webpack for resource chat.
[ citizen-server-impl] Couldn't start resource chat.
[           resources] Started resource spawnmanager
[   script:mapmanager] Started gametype Freeroam
[           resources] Started resource basic-gamemode
[    c-scripting-core] Creating script environments for hardcap
[           resources] Started resource hardcap
[    c-scripting-core] Creating script environments for baseevents
[           resources] Started resource baseevents
[    c-scripting-core] Creating script environments for oxmysql
[           resources] Started resource oxmysql
[    c-scripting-core] Creating script environments for qb-core
[           resources] Started resource qb-core
[           resources] Started resource menuv
[    c-scripting-core] Creating script environments for qb-adminmenu
[           resources] Started resource qb-adminmenu
[    c-scripting-core] Creating script environments for qb-ambulancejob
[           resources] Started resource qb-ambulancejob
[           resources] Started resource qb-interior
[    c-scripting-core] Creating script environments for qb-clothing
[           resources] [0mStarted resource qb-clothing
[    c-scripting-core] Creating script environments for qb-weathersync
[           resources] Started resource qb-weathersync
[    c-scripting-core] Creating script environments for qb-apartments
[           resources] Started resource qb-apartments
[    c-scripting-core] Creating script environments for qb-atms
[           resources] Started resource qb-atms
[    c-scripting-core] Creating script environments for qb-banking
[           resources] Started resource qb-banking
[    c-scripting-core] Creating script environments for PolyZone
[           resources] Started resource PolyZone
[    c-scripting-core] Creating script environments for qb-bankrobbery
[           resources] Started resource qb-bankrobbery
[    c-scripting-core] [0mCreating script environments for qb-busjob
[           resources] Started resource qb-busjob
[    c-scripting-core] Creating script environments for qb-cityhall
[           resources] Started resource qb-cityhall
[    c-scripting-core] [0mCreating script environments for qb-commandbinding
[           resources] Started resource qb-commandbinding
[           resources] Started resource mhacking
[    c-scripting-core] Creating script environments for qb-crypto
[           resources] Started resource qb-crypto
[    c-scripting-core] Creating script environments for qb-diving
[           resources] Started resource qb-diving
[    c-scripting-core] Creating script environments for qb-doorlock
[           resources] Started resource qb-doorlock
[    c-scripting-core] [0mCreating script environments for qb-drugs
[           resources] Started resource qb-drugs
[    c-scripting-core] Creating script environments for qb-fitbit
[           resources] Started resource qb-fitbit
[    c-scripting-core] Creating script environments for qb-garages
[           resources] Started resource qb-garages
[    c-scripting-core] Creating script environments for qb-garbagejob
[38;5;83m[           resources] Started resource qb-garbagejob
[    c-scripting-core] Creating script environments for qb-hotdogjob
[           resources] Started resource qb-hotdogjob
[           resources] [0mStarted resource qb-lockpick
[           resources] Started resource qb-skillbar
[    c-scripting-core] Creating script environments for qb-houserobbery
[           resources] Started resource qb-houserobbery
[    c-scripting-core] Creating script environments for qb-houses
[           resources] Started resource qb-houses
[    c-scripting-core] Creating script environments for qb-hud
[           resources] Started resource qb-hud
[           resources] Started resource qb-input
[    c-scripting-core] Creating script environments for qb-inventory
[           resources] Started resource qb-inventory
[    c-scripting-core] Creating script environments for qb-jewelery
[           resources] [0mStarted resource qb-jewelery
[           resources] Started resource qb-keyminigame
[    c-scripting-core] Creating script environments for qb-lapraces
[           resources] Started resource qb-lapraces
[           resources] [0mStarted resource qb-loading
[    c-scripting-core] Creating script environments for qb-management
[           resources] Started resource qb-management
[    c-scripting-core] Creating script environments for qb-mechanicjob
[           resources] Started resource qb-mechanicjob
[           resources] Started resource qb-menu
[    c-scripting-core] Creating script environments for qb-spawn
[           resources] Started resource qb-spawn
[    c-scripting-core] Creating script environments for qb-multicharacter
[           resources] Started resource qb-multicharacter
[    c-scripting-core] Creating script environments for qb-newsjob
[           resources] Started resource qb-newsjob
[    c-scripting-core] Creating script environments for qb-pawnshop
[38;5;83m[           resources] Started resource qb-pawnshop
[    c-scripting-core] Creating script environments for qb-phone
[           resources] Started resource qb-phone
[    c-scripting-core] Creating script environments for qb-policejob
[           resources] Started resource qb-policejob
[    c-scripting-core] Creating script environments for qb-prison
[           resources] Started resource qb-prison
[    c-scripting-core] Creating script environments for qb-radialmenu
[           resources] Started resource qb-radialmenu
[    c-scripting-core] Creating script environments for qb-recyclejob
[           resources] Started resource qb-recyclejob
[    c-scripting-core] Creating script environments for qb-scoreboard
[           resources] Started resource qb-scoreboard
[    c-scripting-core] Creating script environments for qb-scrapyard
[           resources] Started resource qb-scrapyard
[    c-scripting-core] Creating script environments for qb-shops
[38;5;83m[           resources] Started resource qb-shops
[    c-scripting-core] Creating script environments for qb-smallresources
[           resources] Started resource qb-smallresources
[    c-scripting-core] Creating script environments for qb-storerobbery
[           resources] Started resource qb-storerobbery
[    c-scripting-core] Creating script environments for qb-streetraces
[           resources] Started resource qb-streetraces
[           resources] Started resource qb-target
[    c-scripting-core] Creating script environments for qb-taxijob
[           resources] Started resource qb-taxijob
[    c-scripting-core] Creating script environments for qb-towjob
[           resources] Started resource qb-towjob
[    c-scripting-core] Creating script environments for qb-traphouse
[           resources] Started resource qb-traphouse
[    c-scripting-core] Creating script environments for qb-truckerjob
[           resources] Started resource qb-truckerjob
[    c-scripting-core] Creating script environments for qb-truckrobbery
[           resources] Started resource qb-truckrobbery
[    c-scripting-core] Creating script environments for qb-tunerchip
[           resources] Started resource qb-tunerchip
[    c-scripting-core] Creating script environments for qb-vehiclefailure
[           resources] Started resource qb-vehiclefailure
[    c-scripting-core] Creating script environments for qb-vehiclekeys
[           resources] Started resource qb-vehiclekeys
[    c-scripting-core] Creating script environments for qb-vehiclesales
[           resources] Started resource qb-vehiclesales
[    c-scripting-core] Creating script environments for qb-vehicleshop
[           resources] Started resource qb-vehicleshop
[    c-scripting-core] Creating script environments for qb-vineyard
[           resources] Started resource qb-vineyard
[    c-scripting-core] Creating script environments for qb-weapons
[           resources] Started resource qb-weapons
[    c-scripting-core] Creating script environments for qb-weed
[           resources] Started resource qb-weed
[    c-scripting-core] Creating script environments for LegacyFuel
[           resources] Started resource LegacyFuel
[           resources] [0mStarted resource bob74_ipl
[    c-scripting-core] Creating script environments for connectqueue
[ script:connectqueue] QUEUE: [91m [connectqueue] Disabling hardcap 
[           resources] Stopping resource hardcap
[           resources] Started resource connectqueue
[    c-scripting-core] Creating script environments for interact-sound
[           resources] Started resource interact-sound
[           resources] Started resource progressbar
[    c-scripting-core] Creating script environments for rpemotes
[     script:rpemotes] RpEmotes by TayMcKenzieNZ and MadsL loaded sucessfully.
[     script:rpemotes] [rp] Sql Keybinding is turned off, if you want to enable /emotebind, set SqlKeybinding = true in config.lua and uncomment oxmysql lines in fxmanifest.lua.
[           resources] Started resource rpemotes
[           resources] Started resource safecracker
[ citizen-server-impl] Running build tasks on resource webpack - it'll restart once completed.
[    c-resources-core] Could not start dependency webpack for resource screenshot-basic.
[ citizen-server-impl] Couldn't start resource screenshot-basic.
[    c-scripting-core] Creating script environments for pma-voice
[           resources] Started resource pma-voice
[    c-scripting-core] Creating script environments for qb-radio
[           resources] Started resource qb-radio
[           resources] Started resource dealer_map
[           resources] Started resource hospital_map
[           resources] Started resource prison_canteen
[resources:prison_mai] Asset prison_main/desertos_prison.ytd uses 30.5 MiB of physical memory.
[           resources] Started resource prison_main (1 warning)
[           resources] Started resource prison_meeting
[         script:yarn] [yarn]	yarn install v1.22.5
[         script:yarn] [1/4] Resolving packages...
[         script:yarn] [2/4] Fetching packages...
[     script:rpemotes] [rpemotes] Current Version: 1.1.9
[     script:rpemotes] [rpemotes] Latest Version: 1.2.0
[     script:rpemotes] 
[     script:rpemotes] [rpemotes] You are currently running an outdated version, please update to version 1.2.0
[     script:rpemotes] 
[      script:monitor] [txAdminClient][97m Threads and commands set up. All Ready.
[   script:mapmanager] Started map fivem-map-hipster
[           resources] Started resource fivem-map-hipster
[ citizen-server-impl] server thread hitch warning: timer interval of 222 milliseconds
[      script:oxmysql] Database server connection established!
[ citizen-server-impl] [97m        fff                          
[ citizen-server-impl]   cccc ff   xx  xx     rr rr    eee  
[ citizen-server-impl] cc     ffff   xx       rrr  r ee   e 
[ citizen-server-impl] cc     ff     xx   ... rr     eeeee  
[ citizen-server-impl]  ccccc ff   xx  xx ... rr      eeeee 
[ citizen-server-impl]                                      
[ citizen-server-impl] Authenticated with cfx.re Nucleus: https://peelthepeanut-9ed95y.users.cfx.re/
[         script:yarn] [yarn]	yarn install v1.22.5
[         script:yarn] [91mError: [yarn]	warning Waiting for the other yarn instance to finish (pid undefined, inside undefined)
[         script:yarn] [yarn]	info fsevents@2.3.1: The platform "win32" is incompatible with this module.
[         script:yarn] [yarn]	info "fsevents@2.3.1" is an optional dependency and failed compatibility check. Excluding it from installation.
[         script:yarn] [yarn]	info fsevents@1.2.13: The platform "win32" is incompatible with this module.
[         script:yarn] info "fsevents@1.2.13" is an optional dependency and failed compatibility check. Excluding it from installation.
[         script:yarn] [yarn]	[3/4] Linking dependencies...
[         script:yarn] [yarn]	[4/4] Building fresh packages...
[         script:yarn] Error: [yarn]	warning Ignored scripts due to flag.
[         script:yarn] [yarn]	Done in 13.83s.
[ citizen-server-impl] Build tasks completed - starting resource webpack.
[    c-scripting-core] Creating script environments for webpack
[ citizen-server-impl] Running build tasks on resource chat - it'll restart once completed.
[ citizen-server-impl] Running build tasks on resource screenshot-basic - it'll restart once completed.
[         script:yarn] yarn is currently busy: we are waiting to compile screenshot-basic
[           resources] Started resource webpack
[ citizen-server-impl] server thread hitch warning: timer interval of 209 milliseconds
[         script:yarn] [yarn]	[1/4] Resolving packages...
[         script:yarn] [yarn]	success Already up-to-date.
[         script:yarn] [yarn]	Done in 6.26s.
[ citizen-server-impl] Build tasks completed - starting resource webpack.
[         script:yarn] [yarn]	yarn install v1.22.5
[         script:yarn] [yarn]	[1/4] Resolving packages...
[         script:yarn] [0m[yarn]	[2/4] Fetching packages...
[38;5;151m[         script:yarn] [yarn]	yarn install v1.22.5
[         script:yarn] Error: [yarn]	warning Waiting for the other yarn instance to finish (pid undefined, inside undefined)
[         script:yarn] [yarn]	info fsevents@1.2.11: The platform "win32" is incompatible with this module.
[         script:yarn] [yarn]	info "fsevents@1.2.11" is an optional dependency and failed compatibility check. Excluding it from installation.
[38;5;151m[         script:yarn] [yarn]	[3/4] Linking dependencies...
[         script:yarn] [yarn]	[4/4] Building fresh packages...
[         script:yarn] Error: [yarn]	warning Ignored scripts due to flag.
[         script:yarn] [yarn]	Done in 25.32s.
[      script:webpack] chat: started building webpack.config.js
[ citizen-server-impl] server thread hitch warning: timer interval of 17265 milliseconds
[         script:yarn] [yarn]	[1/4] Resolving packages...
[         script:yarn] [2/4] Fetching packages...
[         script:yarn] info fsevents@2.3.1: The platform "win32" is incompatible with this module.
[         script:yarn] info "fsevents@2.3.1" is an optional dependency and failed compatibility check. Excluding it from installation.
[         script:yarn] info fsevents@1.2.13: The platform "win32" is incompatible with this module.
[         script:yarn] info "fsevents@1.2.13" is an optional dependency and failed compatibility check. Excluding it from installation.
[         script:yarn] [3/4] Linking dependencies...
[         script:yarn] [yarn]	[4/4] Building fresh packages...
[         script:yarn] Error: [yarn]	warning Ignored scripts due to flag.
[         script:yarn] [yarn]	Done in 40.25s.
[      script:webpack] webpack is busy: we are waiting to compile screenshot-basic (client.config.js)
[      script:webpack] webpack is busy: we are waiting to compile screenshot-basic (client.config.js)
[      script:webpack] webpack is busy: we are waiting to compile screenshot-basic (client.config.js)
[      script:webpack] webpack is busy: we are waiting to compile screenshot-basic (client.config.js)
[      script:webpack] webpack is busy: we are waiting to compile screenshot-basic (client.config.js)
[      script:webpack] [0mwebpack is busy: we are waiting to compile screenshot-basic (client.config.js)
[      script:webpack] webpack is busy: we are waiting to compile screenshot-basic (client.config.js)
[      script:webpack] chat: built webpack.config.js
[ citizen-server-impl] Build tasks completed - starting resource chat.
[    c-scripting-core] [0mCreating script environments for chat
[           resources] Started resource chat
[      script:webpack] screenshot-basic: started building client.config.js
[      script:webpack] webpack is busy: we are waiting to compile screenshot-basic (server.config.js)
[ citizen-server-impl] server thread hitch warning: timer interval of 5590 milliseconds
[      script:webpack] webpack is busy: we are waiting to compile screenshot-basic (server.config.js)
[      script:webpack] screenshot-basic: built client.config.js
[      script:webpack] screenshot-basic: started building server.config.js
[      script:webpack] webpack is busy: we are waiting to compile screenshot-basic (ui.config.js)
[ citizen-server-impl] server thread hitch warning: timer interval of 3585 milliseconds
[      script:webpack] webpack is busy: we are waiting to compile screenshot-basic (ui.config.js)
[      script:webpack] screenshot-basic: built server.config.js
[      script:webpack] screenshot-basic: started building ui.config.js
[      script:webpack] screenshot-basic: built ui.config.js
[ citizen-server-impl] Build tasks completed - starting resource screenshot-basic.
[    c-scripting-core] Creating script environments for screenshot-basic
[           resources] Started resource screenshot-basic
[ citizen-server-impl] server thread hitch warning: timer interval of 210 milliseconds
[ citizen-server-impl] [91mServer list query returned an error: System.Threading.Tasks.TaskCanceledException: A task was canceled. <- System.TimeoutException: A task was canceled. <- System.Threading.Tasks.TaskCanceledException: The request was canceled due to the configured HttpClient.Timeout of 30 seconds elapsing.
[ citizen-server-impl] Server list query returned an error: System.Threading.Tasks.TaskCanceledException: A task was canceled. <- System.TimeoutException: A task was canceled. <- System.Threading.Tasks.TaskCanceledException: The request was canceled due to the configured HttpClient.Timeout of 30 seconds elapsing.
[ script:connectqueue] QUEUE: [97mSuirad[steam:110000115fec10b] was placed 1/1 in queue
[ script:connectqueue] QUEUE: Suirad[steam:110000115fec10b] is loading into the server
[ citizen-server-impl] Server list query returned an error: System.Threading.Tasks.TaskCanceledException: A task was canceled. <- System.TimeoutException: A task was canceled. <- System.Threading.Tasks.TaskCanceledException: The request was canceled due to the configured HttpClient.Timeout of 30 seconds elapsing.
[      script:qb-core] [qb-core:LOG] Suirad PLAYER SAVED!
[script:qb-multichara] [qb-core] Suirad has succesfully loaded!
[      script:qb-core] [qb-core:LOG] Suirad PLAYER SAVED!
[         script:chat] Suirad: !admin
[ citizen-server-impl] Server list query returned an error: System.Threading.Tasks.TaskCanceledException: A task was canceled. <- System.TimeoutException: A task was canceled. <- System.Threading.Tasks.TaskCanceledException: The request was canceled due to the configured HttpClient.Timeout of 30 seconds elapsing.
[    script:qb-crypto] Crypto not found, inserting new record for qbit
[ citizen-server-impl] Server list query returned an error: System.Threading.Tasks.TaskCanceledException: A task was canceled. <- System.TimeoutException: A task was canceled. <- System.Threading.Tasks.TaskCanceledException: The request was canceled due to the configured HttpClient.Timeout of 30 seconds elapsing.
[      script:qb-core] [qb-core:LOG] Suirad PLAYER SAVED!
[ citizen-server-impl] Server list query returned an error: System.Threading.Tasks.TaskCanceledException: A task was canceled. <- System.TimeoutException: A task was canceled. <- System.Threading.Tasks.TaskCanceledException: The request was canceled due to the configured HttpClient.Timeout of 30 seconds elapsing.
[      script:qb-core] [qb-core:LOG] Suirad PLAYER SAVED!
[ citizen-server-impl] Server list query returned an error: System.Threading.Tasks.TaskCanceledException: A task was canceled. <- System.TimeoutException: A task was canceled. <- System.Threading.Tasks.TaskCanceledException: The request was canceled due to the configured HttpClient.Timeout of 30 seconds elapsing.
[ citizen-server-impl] Server list query returned an error: System.Threading.Tasks.TaskCanceledException: A task was canceled. <- System.TimeoutException: A task was canceled. <- System.Threading.Tasks.TaskCanceledException: The request was canceled due to the configured HttpClient.Timeout of 30 seconds elapsing.
[      script:qb-core] [qb-core:LOG] Suirad PLAYER SAVED!
[ citizen-server-impl] Server list query returned an error: System.Threading.Tasks.TaskCanceledException: A task was canceled. <- System.TimeoutException: A task was canceled. <- System.Threading.Tasks.TaskCanceledException: The request was canceled due to the configured HttpClient.Timeout of 30 seconds elapsing.
[ citizen-server-impl] Server list query returned an error: System.Threading.Tasks.TaskCanceledException: A task was canceled. <- System.TimeoutException: A task was canceled. <- System.Threading.Tasks.TaskCanceledException: The request was canceled due to the configured HttpClient.Timeout of 30 seconds elapsing.
[      script:qb-core] [qb-core:LOG] Suirad PLAYER SAVED!
[ citizen-server-impl] Server list query returned an error: System.Threading.Tasks.TaskCanceledException: A task was canceled. <- System.TimeoutException: A task was canceled. <- System.Threading.Tasks.TaskCanceledException: The request was canceled due to the configured HttpClient.Timeout of 30 seconds elapsing.
[      script:qb-core] [qb-core:LOG] Suirad PLAYER SAVED!
[ citizen-server-impl] Server list query returned an error: System.Threading.Tasks.TaskCanceledException: A task was canceled. <- System.TimeoutException: A task was canceled. <- System.Threading.Tasks.TaskCanceledException: The request was canceled due to the configured HttpClient.Timeout of 30 seconds elapsing.
[ citizen-server-impl] Server list query returned an error: System.Threading.Tasks.TaskCanceledException: A task was canceled. <- System.TimeoutException: A task was canceled. <- System.Threading.Tasks.TaskCanceledException: The request was canceled due to the configured HttpClient.Timeout of 30 seconds elapsing.
[      script:qb-core] [qb-core:LOG] Suirad PLAYER SAVED!
[ citizen-server-impl] Server list query returned an error: System.Threading.Tasks.TaskCanceledException: A task was canceled. <- System.TimeoutException: A task was canceled. <- System.Threading.Tasks.TaskCanceledException: The request was canceled due to the configured HttpClient.Timeout of 30 seconds elapsing.
[ citizen-server-impl] Server list query returned an error: System.Threading.Tasks.TaskCanceledException: A task was canceled. <- System.TimeoutException: A task was canceled. <- System.Threading.Tasks.TaskCanceledException: The request was canceled due to the configured HttpClient.Timeout of 30 seconds elapsing.
[      script:qb-core] [qb-core:LOG] Suirad PLAYER SAVED!
[ citizen-server-impl] [0mServer list query returned an error: System.Threading.Tasks.TaskCanceledException: A task was canceled. <- System.TimeoutException: A task was canceled. <- System.Threading.Tasks.TaskCanceledException: The request was canceled due to the configured HttpClient.Timeout of 30 seconds elapsing.
[      script:qb-core] [qb-core:LOG] Suirad PLAYER SAVED!
[ citizen-server-impl] Server list query returned an error: System.Threading.Tasks.TaskCanceledException: A task was canceled. <- System.TimeoutException: A task was canceled. <- System.Threading.Tasks.TaskCanceledException: The request was canceled due to the configured HttpClient.Timeout of 30 seconds elapsing.
[ citizen-server-impl] Server list query returned an error: System.Threading.Tasks.TaskCanceledException: A task was canceled. <- System.TimeoutException: A task was canceled. <- System.Threading.Tasks.TaskCanceledException: The request was canceled due to the configured HttpClient.Timeout of 30 seconds elapsing.
[      script:qb-core] [qb-core:LOG] Suirad PLAYER SAVED!
[ citizen-server-impl] Server list query returned an error: System.Threading.Tasks.TaskCanceledException: A task was canceled. <- System.TimeoutException: A task was canceled. <- System.Threading.Tasks.TaskCanceledException: The request was canceled due to the configured HttpClient.Timeout of 30 seconds elapsing.
