
================================================================
======== Log Rotated - 12/05/2023, 00:00:00                     
================================================================
[01:08:45] [hYYxY#3] Suirad: joined with identifiers [steam:110000115fec10b; license:93860e361155c15e67e3f688633e863331ef449b; xbl:2535468475456979; live:1055521941199128; discord:256469378940272650; fivem:5422008; license2:93860e361155c15e67e3f688633e863331ef449b]
[01:13:32] [hYYxY#3] Suirad: said "/-explode"
[01:13:32] [hYYxY#3] Suirad: died from suicide (Explosion)
[01:15:47] [hYYxY#3] Suirad: said "/-explode"
[01:15:47] [hYYxY#3] Suirad: died from suicide (Explosion)
[01:15:58] [hYYxY#3] Suirad: said "/-explode"
[01:15:59] [hYYxY#3] Suirad: died from suicide (Explosion)
[01:18:24] [hYYxY#3] Suirad: said "/.."
[01:48:34] [hYYxY#3] Suirad: disconnected (You were kicked for being AFK)
[01:49:23] [hYYxY#4] Suirad: joined with identifiers [steam:110000115fec10b; license:93860e361155c15e67e3f688633e863331ef449b; xbl:2535468475456979; live:1055521941199128; discord:256469378940272650; fivem:5422008; license2:93860e361155c15e67e3f688633e863331ef449b]
[02:08:39] [hYYxY#4] Suirad: died from suicide (Falling)
[02:08:54] [hYYxY#4] Suirad: caused an explosion (CAR)
[02:08:54] [hYYxY#4] Suirad: said "/-explode"
[02:08:54] [hYYxY#4] Suirad: died from suicide (Explosion)
[02:08:56] [hYYxY#4] Suirad: died from suicide (Explosion)
[02:10:23] [hYYxY#4] Suirad: caused an explosion (CAR)
[02:10:23] [hYYxY#4] Suirad: said "/-explode"
[02:10:23] [hYYxY#4] Suirad: died from suicide (Explosion)
[02:10:29] [hYYxY#4] Suirad: said "/repair"
[02:10:33] [hYYxY#4] Suirad: said "/-explode"
[02:10:59] [hYYxY#4] Suirad: caused an explosion (CAR)
[02:10:59] [hYYxY#4] Suirad: caused an explosion (CAR)
[02:10:59] [hYYxY#4] Suirad: said "/-explode"
[02:11:06] [hYYxY#4] Suirad: said "/-explode"
[02:11:06] [hYYxY#4] Suirad: said "/-explode"
[02:11:08] [hYYxY#4] Suirad: said "/-explode"
[02:11:08] [hYYxY#4] Suirad: said "/-explode"
[02:11:08] [hYYxY#4] Suirad: said "/-explode"
[02:11:08] [hYYxY#4] Suirad: said "/-explode"
[02:11:08] [hYYxY#4] Suirad: said "/-explode"
[02:11:11] [hYYxY#4] Suirad: said "/-explode"
[02:11:11] [hYYxY#4] Suirad: caused an explosion (CAR)
[02:11:11] [hYYxY#4] Suirad: said "/-explode"
[02:11:11] [hYYxY#4] Suirad: said "/-explode"
[02:11:11] [hYYxY#4] Suirad: said "/-explode"
[02:11:11] [hYYxY#4] Suirad: said "/-explode"
[02:11:12] [hYYxY#4] Suirad: said "/-explode"
[02:11:13] [hYYxY#4] Suirad: said "/-explode"
[02:11:13] [hYYxY#4] Suirad: said "/-explode"
[02:11:13] [hYYxY#4] Suirad: said "/-explode"
[02:11:13] [hYYxY#4] Suirad: said "/-explode"
[02:11:14] [hYYxY#4] Suirad: said "/-explode"
[02:11:14] [hYYxY#4] Suirad: said "/-explode"
[02:11:14] [hYYxY#4] Suirad: said "/-explode"
[02:11:14] [hYYxY#4] Suirad: said "/-explode"
[02:11:14] [hYYxY#4] Suirad: said "/-explode"
[02:11:15] [hYYxY#4] Suirad: said "/-explode"
[02:11:15] [hYYxY#4] Suirad: said "/-explode"
[02:11:15] [hYYxY#4] Suirad: caused an explosion (CAR)
[02:11:15] [hYYxY#4] Suirad: said "/-explode"
[02:11:15] [hYYxY#4] Suirad: said "/-explode"
[02:11:16] [hYYxY#4] Suirad: said "/-explode"
[02:11:16] [hYYxY#4] Suirad: said "/-explode"
[02:11:17] [hYYxY#4] Suirad: said "/-explode"
[02:11:17] [hYYxY#4] Suirad: said "/-explode"
[02:11:17] [hYYxY#4] Suirad: said "/-explode"
[02:11:17] [hYYxY#4] Suirad: said "/-explode"
[02:11:36] [hYYxY#4] Suirad: caused an explosion (CAR)
[02:11:36] [hYYxY#4] Suirad: said "/-explode"
[02:11:38] [hYYxY#4] Suirad: caused an explosion (CAR)
[02:11:38] [hYYxY#4] Suirad: said "/-explode"
[02:11:39] [hYYxY#4] Suirad: said "/-explode"
[02:11:40] [hYYxY#4] Suirad: said "/-explode"
[02:11:41] [hYYxY#4] Suirad: said "/-explode"
[02:11:41] [hYYxY#4] Suirad: said "/-explode"
[02:11:42] [hYYxY#4] Suirad: said "/-explode"
[02:11:42] [hYYxY#4] Suirad: said "/-explode"
[02:11:43] [hYYxY#4] Suirad: said "/-explode"
