
================================================================
======== txAdmin Starting - 11/05/2023, 17:29:31                
================================================================

================================================================
======== Log Rotated - 11/05/2023, 17:29:31                     
================================================================
[17:29:52] txAdmin: Logger started
[17:57:35] [hYYxY#1] Suirad: joined with identifiers [steam:110000115fec10b; license:93860e361155c15e67e3f688633e863331ef449b; xbl:2535468475456979; live:1055521941199128; discord:256469378940272650; fivem:5422008; license2:93860e361155c15e67e3f688633e863331ef449b]
[18:31:21] [hYYxY#1] Suirad: said "/-explode"
[18:31:23] [hYYxY#1] Suirad: said "/-explode"
[18:32:08] [hYYxY#1] Suirad: said "/-explode"
[18:32:09] [hYYxY#1] Suirad: said "/-explode"
[18:32:38] [hYYxY#1] Suirad: said "/-explode"
[18:32:41] [hYYxY#1] Suirad: said "/-explode"
[18:32:47] [hYYxY#1] Suirad: said "/-explode"
[18:32:47] [hYYxY#1] Suirad: said "/-explode"
[18:32:47] [hYYxY#1] Suirad: said "/-explode"
[18:32:48] [hYYxY#1] Suirad: said "/-explode"
[18:32:48] [hYYxY#1] Suirad: said "/-explode"
[18:32:48] [hYYxY#1] Suirad: said "/-explode"
[18:32:48] [hYYxY#1] Suirad: said "/-explode"
[18:32:49] [hYYxY#1] Suirad: said "/-explode"
[18:32:49] [hYYxY#1] Suirad: said "/-explode"
[18:32:49] [hYYxY#1] Suirad: said "/-explode"
[18:32:49] [hYYxY#1] Suirad: said "/-explode"
[18:32:49] [hYYxY#1] Suirad: said "/-explode"
[18:32:50] [hYYxY#1] Suirad: said "/-explode"
[18:32:51] [hYYxY#1] Suirad: said "/-explode"
[18:32:51] [hYYxY#1] Suirad: said "/-explode"
[18:32:53] [hYYxY#1] Suirad: said "/-explode"
[18:32:54] [hYYxY#1] Suirad: said "/-explode"
[18:32:54] [hYYxY#1] Suirad: said "/-explode"
[18:32:55] [hYYxY#1] Suirad: said "/-explode"
[18:32:55] [hYYxY#1] Suirad: said "/-explode"
[18:32:57] [hYYxY#1] Suirad: said "/-explode"
[18:32:57] [hYYxY#1] Suirad: said "/-explode"
[18:32:57] [hYYxY#1] Suirad: said "/-explode"
[18:32:58] [hYYxY#1] Suirad: said "/-explode"
[18:32:58] [hYYxY#1] Suirad: said "/-explode"
[18:32:58] [hYYxY#1] Suirad: said "/-explode"
[18:32:58] [hYYxY#1] Suirad: said "/-explode"
[18:32:58] [hYYxY#1] Suirad: said "/-explode"
[18:32:58] [hYYxY#1] Suirad: said "/-explode"
[18:32:59] [hYYxY#1] Suirad: said "/-explode"
[18:32:59] [hYYxY#1] Suirad: said "/-explode"
[18:33:01] [hYYxY#1] Suirad: said "/-explode"
[18:33:02] [hYYxY#1] Suirad: said "/-explode"
[18:33:02] [hYYxY#1] Suirad: said "/-explode"
[18:33:02] [hYYxY#1] Suirad: said "/-explode"
[18:33:03] [hYYxY#1] Suirad: said "/-explode"
[18:33:03] [hYYxY#1] Suirad: said "/-explode"
[18:33:03] [hYYxY#1] Suirad: said "/-explode"
[18:33:03] [hYYxY#1] Suirad: said "/-explode"
[18:33:06] [hYYxY#1] Suirad: said "/-explode"
[18:33:06] [hYYxY#1] Suirad: said "/-explode"
[18:33:08] [hYYxY#1] Suirad: said "/-explode"
[18:33:09] [hYYxY#1] Suirad: said "/-explode"
[18:33:09] [hYYxY#1] Suirad: said "/-explode"
[18:33:09] [hYYxY#1] Suirad: said "/-explode"
[18:33:09] [hYYxY#1] Suirad: said "/-explode"
[18:33:09] [hYYxY#1] Suirad: said "/-explode"
[18:33:10] [hYYxY#1] Suirad: said "/-explode"
[18:33:10] [hYYxY#1] Suirad: said "/-explode"
[18:33:12] [hYYxY#1] Suirad: said "/-explode"
[18:33:13] [hYYxY#1] Suirad: said "/-explode"
[18:33:13] [hYYxY#1] Suirad: said "/-explode"
[18:33:13] [hYYxY#1] Suirad: said "/-explode"
[18:33:13] [hYYxY#1] Suirad: said "/-explode"
[18:33:13] [hYYxY#1] Suirad: said "/-explode"
[18:33:15] [hYYxY#1] Suirad: said "/-explode"
[18:33:15] [hYYxY#1] Suirad: said "/-explode"
[18:33:15] [hYYxY#1] Suirad: said "/-explode"
[18:33:16] [hYYxY#1] Suirad: said "/-explode"
[18:33:22] [hYYxY#1] Suirad: said "/-explode"
[18:33:22] [hYYxY#1] Suirad: said "/-explode"
[18:33:22] [hYYxY#1] Suirad: said "/-explode"
[18:33:22] [hYYxY#1] Suirad: said "/-explode"
[18:33:24] [hYYxY#1] Suirad: said "/-explode"
[18:33:25] [hYYxY#1] Suirad: said "/-explode"
[18:33:25] [hYYxY#1] Suirad: said "/-explode"
[18:33:25] [hYYxY#1] Suirad: said "/-explode"
[18:33:25] [hYYxY#1] Suirad: said "/-explode"
[18:33:25] [hYYxY#1] Suirad: said "/-explode"
[18:33:26] [hYYxY#1] Suirad: said "/-explode"
[18:33:26] [hYYxY#1] Suirad: said "/-explode"
[18:33:26] [hYYxY#1] Suirad: said "/-explode"
[18:33:26] [hYYxY#1] Suirad: said "/-explode"
[18:33:27] [hYYxY#1] Suirad: said "/-explode"
[18:33:27] [hYYxY#1] Suirad: said "/-explode"
[18:33:27] [hYYxY#1] Suirad: said "/-explode"
[18:33:27] [hYYxY#1] Suirad: said "/-explode"
[18:33:27] [hYYxY#1] Suirad: said "/-explode"
[18:34:02] [hYYxY#1] Suirad: said "/-explode"
[18:34:03] [hYYxY#1] Suirad: said "/-explode"
[18:34:03] [hYYxY#1] Suirad: said "/-explode"
[18:34:03] [hYYxY#1] Suirad: said "/-explode"
[18:34:38] [hYYxY#1] Suirad: said "/-explode"
[18:34:39] [hYYxY#1] Suirad: said "/-explode"
[18:34:39] [hYYxY#1] Suirad: said "/-explode"
[18:35:21] [hYYxY#1] Suirad: said "/-explode"
[18:35:56] [hYYxY#1] Suirad: said "/-explode"
[18:35:59] [hYYxY#1] Suirad: said "/-explode"
[18:37:44] [hYYxY#1] Suirad: said "/-explode"
[18:39:37] [hYYxY#1] Suirad: said "/-explode"
[18:39:37] [hYYxY#1] Suirad: said "/-explode"
[18:39:38] [hYYxY#1] Suirad: said "/-explode"
[18:39:46] [hYYxY#1] Suirad: said "/-explode"
[18:39:48] [hYYxY#1] Suirad: said "/-explode"
[18:39:49] [hYYxY#1] Suirad: said "/-explode"
[18:39:49] [hYYxY#1] Suirad: said "/-explode"
[18:39:49] [hYYxY#1] Suirad: said "/-explode"
[18:39:49] [hYYxY#1] Suirad: said "/-explode"
[18:39:49] [hYYxY#1] Suirad: said "/-explode"
[18:39:50] [hYYxY#1] Suirad: said "/-explode"
[18:39:50] [hYYxY#1] Suirad: said "/-explode"
[18:39:50] [hYYxY#1] Suirad: said "/-explode"
[18:39:50] [hYYxY#1] Suirad: said "/-explode"
[18:39:50] [hYYxY#1] Suirad: said "/-explode"
[18:39:50] [hYYxY#1] Suirad: said "/-explode"
[18:39:51] [hYYxY#1] Suirad: said "/-explode"
[18:39:51] [hYYxY#1] Suirad: said "/-explode"
[18:39:51] [hYYxY#1] Suirad: said "/-explode"
[18:39:51] [hYYxY#1] Suirad: said "/-explode"
[18:39:52] [hYYxY#1] Suirad: said "/-explode"
[18:39:52] [hYYxY#1] Suirad: said "/-explode"
[18:39:52] [hYYxY#1] Suirad: said "/-explode"
[18:39:52] [hYYxY#1] Suirad: said "/-explode"
[18:39:53] [hYYxY#1] Suirad: said "/-explode"
[18:39:53] [hYYxY#1] Suirad: said "/-explode"
[18:39:54] [hYYxY#1] Suirad: said "/-explode"
[18:39:55] [hYYxY#1] Suirad: said "/-explode"
[18:39:55] [hYYxY#1] Suirad: said "/-explode"
[18:39:55] [hYYxY#1] Suirad: said "/-explode"
[18:42:46] [hYYxY#1] Suirad: said "/-explode"
[18:42:46] [hYYxY#1] Suirad: said "/-explode"
[18:42:46] [hYYxY#1] Suirad: said "/-explode"
[18:42:46] [hYYxY#1] Suirad: said "/-explode"
[18:42:47] [hYYxY#1] Suirad: said "/-explode"
[18:42:47] [hYYxY#1] Suirad: said "/-explode"
[18:42:47] [hYYxY#1] Suirad: said "/-explode"
[18:42:47] [hYYxY#1] Suirad: said "/-explode"
[18:42:47] [hYYxY#1] Suirad: said "/-explode"
[18:42:47] [hYYxY#1] Suirad: said "/-explode"
[18:42:48] [hYYxY#1] Suirad: said "/-explode"
[18:42:48] [hYYxY#1] Suirad: said "/-explode"
[18:43:40] [hYYxY#1] Suirad: said "/-explode"
[18:43:41] [hYYxY#1] Suirad: said "/-explode"
[18:43:41] [hYYxY#1] Suirad: said "/-explode"
[18:43:41] [hYYxY#1] Suirad: said "/-explode"
[18:43:41] [hYYxY#1] Suirad: said "/-explode"
[18:43:41] [hYYxY#1] Suirad: said "/-explode"
[18:44:18] [hYYxY#1] Suirad: said "/-explode"
[18:44:24] [hYYxY#1] Suirad: said "/-explode"
[18:44:24] [hYYxY#1] Suirad: said "/-explode"
[18:44:24] [hYYxY#1] Suirad: said "/-explode"
[19:01:47] [hYYxY#1] Suirad: said "/-explode"
[19:01:50] [hYYxY#1] Suirad: said "/-explode"
[19:01:50] [hYYxY#1] Suirad: said "/-explode"
[19:01:50] [hYYxY#1] Suirad: said "/-explode"
[19:01:51] [hYYxY#1] Suirad: said "/-explode"
[19:01:51] [hYYxY#1] Suirad: said "/-explode"
[19:01:51] [hYYxY#1] Suirad: said "/-explode"
[19:01:52] [hYYxY#1] Suirad: said "/-explode"
[19:01:52] [hYYxY#1] Suirad: said "/-explode"
[19:01:52] [hYYxY#1] Suirad: said "/-explode"
[19:01:52] [hYYxY#1] Suirad: said "/-explode"
[19:01:55] [hYYxY#1] Suirad: said "/-explode"
[19:01:59] [hYYxY#1] Suirad: said "/-explode"
[19:01:59] [hYYxY#1] Suirad: died from suicide (Explosion)
[19:02:09] [hYYxY#1] Suirad: said "/reviuve"
[19:02:46] [hYYxY#1] Suirad: said "/-explode"
[19:02:46] [hYYxY#1] Suirad: died from suicide (Explosion)
[19:02:48] [hYYxY#1] Suirad: said "/-explode"
[19:02:48] [hYYxY#1] Suirad: said "/-explode"
[19:02:48] [hYYxY#1] Suirad: said "/-explode"
[19:02:48] [hYYxY#1] Suirad: said "/-explode"
[19:02:48] [hYYxY#1] Suirad: said "/-explode"
[19:02:49] [hYYxY#1] Suirad: said "/-explode"
[19:02:49] [hYYxY#1] Suirad: said "/-explode"
[19:02:49] [hYYxY#1] Suirad: said "/-explode"
[19:02:49] [hYYxY#1] Suirad: said "/-explode"
[19:02:49] [hYYxY#1] Suirad: said "/-explode"
[19:02:49] [hYYxY#1] Suirad: said "/-explode"
[19:02:49] [hYYxY#1] Suirad: said "/-explode"
[19:02:49] [hYYxY#1] Suirad: said "/-explode"
[19:02:50] [hYYxY#1] Suirad: said "/-explode"
[19:02:50] [hYYxY#1] Suirad: said "/-explode"
[19:02:50] [hYYxY#1] Suirad: said "/-explode"
[19:02:50] [hYYxY#1] Suirad: said "/-explode"
[19:02:50] [hYYxY#1] Suirad: said "/-explode"
[19:02:50] [hYYxY#1] Suirad: said "/-explode"
[19:02:50] [hYYxY#1] Suirad: said "/-explode"
[19:02:50] [hYYxY#1] Suirad: said "/-explode"
[19:02:51] [hYYxY#1] Suirad: said "/-explode"
[19:02:51] [hYYxY#1] Suirad: said "/-explode"
[19:02:51] [hYYxY#1] Suirad: said "/-explode"
[19:02:51] [hYYxY#1] Suirad: said "/-explode"
[19:02:51] [hYYxY#1] Suirad: said "/-explode"
[19:02:51] [hYYxY#1] Suirad: said "/-explode"
[19:02:51] [hYYxY#1] Suirad: said "/-explode"
[19:02:52] [hYYxY#1] Suirad: said "/-explode"
[19:02:52] [hYYxY#1] Suirad: said "/-explode"
[19:02:52] [hYYxY#1] Suirad: said "/-explode"
[19:02:52] [hYYxY#1] Suirad: said "/-explode"
[19:02:52] [hYYxY#1] Suirad: said "/-explode"
[19:02:52] [hYYxY#1] Suirad: said "/-explode"
[19:02:52] [hYYxY#1] Suirad: said "/-explode"
[19:02:52] [hYYxY#1] Suirad: said "/-explode"
[19:02:53] [hYYxY#1] Suirad: said "/-explode"
[19:02:53] [hYYxY#1] Suirad: said "/-explode"
[19:02:53] [hYYxY#1] Suirad: said "/-explode"
[19:02:53] [hYYxY#1] Suirad: said "/-explode"
[19:02:53] [hYYxY#1] Suirad: said "/-explode"
[19:02:53] [hYYxY#1] Suirad: said "/-explode"
[19:02:53] [hYYxY#1] Suirad: said "/-explode"
[19:02:53] [hYYxY#1] Suirad: said "/-explode"
[19:02:54] [hYYxY#1] Suirad: said "/-explode"
[19:02:54] [hYYxY#1] Suirad: said "/-explode"
[19:02:54] [hYYxY#1] Suirad: said "/-explode"
[19:02:54] [hYYxY#1] Suirad: said "/-explode"
[19:02:54] [hYYxY#1] Suirad: said "/-explode"
[19:02:54] [hYYxY#1] Suirad: said "/-explode"
[19:02:54] [hYYxY#1] Suirad: said "/-explode"
[19:02:54] [hYYxY#1] Suirad: said "/-explode"
[19:02:55] [hYYxY#1] Suirad: said "/-explode"
[19:02:55] [hYYxY#1] Suirad: said "/-explode"
[19:02:55] [hYYxY#1] Suirad: said "/-explode"
[19:02:55] [hYYxY#1] Suirad: said "/-explode"
[19:02:55] [hYYxY#1] Suirad: said "/-explode"
[19:02:55] [hYYxY#1] Suirad: said "/-explode"
[19:02:55] [hYYxY#1] Suirad: said "/-explode"
[19:02:55] [hYYxY#1] Suirad: said "/-explode"
[19:02:56] [hYYxY#1] Suirad: said "/-explode"
[19:02:56] [hYYxY#1] Suirad: said "/-explode"
[19:03:10] [hYYxY#1] Suirad: said "/-explode"
[19:03:10] [hYYxY#1] Suirad: died from suicide (Explosion)
[19:03:58] [hYYxY#1] Suirad: said "/-explode"
[20:04:50] [hYYxY#1] Suirad: said "/-explode"
[20:38:38] [hYYxY#1] Suirad: disconnected (You were kicked for being AFK)
[20:39:30] [hYYxY#2] Suirad: joined with identifiers [steam:110000115fec10b; license:93860e361155c15e67e3f688633e863331ef449b; xbl:2535468475456979; live:1055521941199128; discord:256469378940272650; fivem:5422008; license2:93860e361155c15e67e3f688633e863331ef449b]
[20:58:22] [hYYxY#2] Suirad: died from suicide (Falling)
[20:58:27] [hYYxY#2] Suirad: died from suicide (Explosion)
[20:58:27] [hYYxY#2] Suirad: said "/-explode"
[20:58:33] [hYYxY#2] Suirad: said "/-explode"
[20:58:44] [hYYxY#2] Suirad: caused an explosion (CAR)
[20:58:44] [hYYxY#2] Suirad: said "/-explode"
[20:58:44] [hYYxY#2] Suirad: said "/-explode"
[20:58:45] [hYYxY#2] Suirad: said "/-explode"
[20:58:45] [hYYxY#2] Suirad: said "/-explode"
[20:58:45] [hYYxY#2] Suirad: said "/-explode"
[20:58:46] [hYYxY#2] Suirad: said "/-explode"
[20:58:46] [hYYxY#2] Suirad: said "/-explode"
[20:58:46] [hYYxY#2] Suirad: said "/-explode"
[20:58:46] [hYYxY#2] Suirad: said "/-explode"
[20:58:46] [hYYxY#2] Suirad: said "/-explode"
[20:58:46] [hYYxY#2] Suirad: said "/-explode"
[20:58:47] [hYYxY#2] Suirad: said "/-explode"
[21:31:15] [hYYxY#2] Suirad: died from suicide (Falling)
[21:31:21] [hYYxY#2] Suirad: said "/-explode"
[21:31:36] [hYYxY#2] Suirad: caused an explosion (CAR)
[21:31:36] [hYYxY#2] Suirad: said "/-explode"
[21:31:40] [hYYxY#2] Suirad: caused an explosion (CAR)
[21:31:40] [hYYxY#2] Suirad: said "/-explode"
[21:31:40] [hYYxY#2] Suirad: said "/-explode"
[21:31:40] [hYYxY#2] Suirad: said "/-explode"
[21:31:40] [hYYxY#2] Suirad: said "/-explode"
[21:31:40] [hYYxY#2] Suirad: said "/-explode"
[21:31:41] [hYYxY#2] Suirad: said "/-explode"
[21:31:41] [hYYxY#2] Suirad: said "/-explode"
[21:32:09] [hYYxY#2] Suirad: caused an explosion (CAR)
[21:32:09] [hYYxY#2] Suirad: caused an explosion (CAR)
[21:32:09] [hYYxY#2] Suirad: said "/-explode"
[21:32:09] [hYYxY#2] Suirad: said "/-explode"
[21:32:09] [hYYxY#2] Suirad: said "/-explode"
[21:32:10] [hYYxY#2] Suirad: said "/-explode"
[21:32:10] [hYYxY#2] Suirad: said "/-explode"
[21:32:10] [hYYxY#2] Suirad: said "/-explode"
[21:32:10] [hYYxY#2] Suirad: said "/-explode"
[21:32:10] [hYYxY#2] Suirad: said "/-explode"
[21:32:11] [hYYxY#2] Suirad: said "/-explode"
[21:32:11] [hYYxY#2] Suirad: said "/-explode"
[21:32:14] [hYYxY#2] Suirad: caused an explosion (PROPANE)
[21:32:15] [hYYxY#2] Suirad: caused an explosion (PROPANE)
[21:32:20] [hYYxY#2] Suirad: caused an explosion (CAR)
[21:32:20] [hYYxY#2] Suirad: said "/-explode"
[21:32:21] [hYYxY#2] Suirad: said "/-explode"
[21:32:21] [hYYxY#2] Suirad: said "/-explode"
[21:32:21] [hYYxY#2] Suirad: said "/-explode"
[21:32:21] [hYYxY#2] Suirad: said "/-explode"
[21:32:21] [hYYxY#2] Suirad: said "/-explode"
[21:32:21] [hYYxY#2] Suirad: said "/-explode"
[21:32:21] [hYYxY#2] Suirad: said "/-explode"
[21:32:22] [hYYxY#2] Suirad: said "/-explode"
[21:32:22] [hYYxY#2] Suirad: said "/-explode"
[21:32:22] [hYYxY#2] Suirad: said "/-explode"
[21:32:22] [hYYxY#2] Suirad: said "/-explode"
[21:32:22] [hYYxY#2] Suirad: said "/-explode"
[21:32:22] [hYYxY#2] Suirad: said "/-explode"
[21:32:22] [hYYxY#2] Suirad: said "/-explode"
[21:32:23] [hYYxY#2] Suirad: said "/-explode"
[21:32:23] [hYYxY#2] Suirad: said "/-explode"
[21:32:27] [hYYxY#2] Suirad: said "/-explode"
[21:32:28] [hYYxY#2] Suirad: said "/-explode"
[21:32:28] [hYYxY#2] Suirad: said "/-explode"
[21:32:28] [hYYxY#2] Suirad: said "/-explode"
[21:32:28] [hYYxY#2] Suirad: said "/-explode"
[21:32:28] [hYYxY#2] Suirad: said "/-explode"
[21:32:29] [hYYxY#2] Suirad: said "/-explode"
[21:32:29] [hYYxY#2] Suirad: said "/-explode"
[21:32:30] [hYYxY#2] Suirad: said "/-explode"
[21:32:30] [hYYxY#2] Suirad: said "/-explode"
[21:32:30] [hYYxY#2] Suirad: said "/-explode"
[21:32:30] [hYYxY#2] Suirad: said "/-explode"
[21:32:37] [hYYxY#2] Suirad: said "/-explode"
[21:32:37] [hYYxY#2] Suirad: said "/-explode"
[21:32:38] [hYYxY#2] Suirad: said "/-explode"
[21:32:38] [hYYxY#2] Suirad: said "/-explode"
[22:33:11] [hYYxY#2] Suirad: said "/s"
[22:40:13] [hYYxY#2] Suirad: caused an explosion (CAR)
[22:40:13] [hYYxY#2] Suirad: caused an explosion (CAR)
[22:40:13] [hYYxY#2] Suirad: said "/-explode"
[22:40:14] [hYYxY#2] Suirad: said "/givemone"
[22:40:16] [hYYxY#2] Suirad: said "/-explode"
[22:40:40] [hYYxY#2] Suirad: caused an explosion (CAR)
[22:40:40] [hYYxY#2] Suirad: said "/-explode"
[22:40:40] [hYYxY#2] Suirad: said "/-explode"
[22:40:41] [hYYxY#2] Suirad: said "/-explode"
[22:40:41] [hYYxY#2] Suirad: said "/-explode"
[22:40:41] [hYYxY#2] Suirad: said "/-explode"
[23:28:10] [hYYxY#2] Suirad: died from suicide
[23:55:43] [hYYxY#2] Suirad: caused an explosion (CAR)
[23:55:43] [hYYxY#2] Suirad: caused an explosion (CAR)
[23:55:43] [hYYxY#2] Suirad: caused an explosion (CAR)
[23:55:43] [hYYxY#2] Suirad: said "/-explode"
[23:55:43] [hYYxY#2] Suirad: said "/-explode"
[23:55:44] [hYYxY#2] Suirad: disconnected (Disconnected.)
